<?xml version="1.0" encoding="UTF-8"?>
<testng-results ignored="0" total="1" passed="1" failed="0" skipped="0">
  <reporter-output>
  </reporter-output>
  <suite started-at="2021-11-17T14:13:22 IST" name="Default suite" finished-at="2021-11-17T14:13:37 IST" duration-ms="14674">
    <groups>
    </groups>
    <test started-at="2021-11-17T14:13:22 IST" name="Default test" finished-at="2021-11-17T14:13:37 IST" duration-ms="14674">
      <class name="in.amazon.tests.CarPerfume">
        <test-method is-config="true" signature="launchApplication()[pri:0, instance:in.amazon.tests.CarPerfume@6ef888f6]" started-at="2021-11-17T14:13:22 IST" name="launchApplication" finished-at="2021-11-17T14:13:31 IST" duration-ms="8396" status="PASS">
          <reporter-output>
          </reporter-output>
        </test-method> <!-- launchApplication -->
        <test-method signature="buycarperfume()[pri:0, instance:in.amazon.tests.CarPerfume@6ef888f6]" started-at="2021-11-17T14:13:31 IST" name="buycarperfume" finished-at="2021-11-17T14:13:36 IST" duration-ms="5585" status="PASS">
          <reporter-output>
          </reporter-output>
        </test-method> <!-- buycarperfume -->
        <test-method is-config="true" signature="closeBrowser()[pri:0, instance:in.amazon.tests.CarPerfume@6ef888f6]" started-at="2021-11-17T14:13:36 IST" name="closeBrowser" finished-at="2021-11-17T14:13:37 IST" duration-ms="640" status="PASS">
          <reporter-output>
          </reporter-output>
        </test-method> <!-- closeBrowser -->
      </class> <!-- in.amazon.tests.CarPerfume -->
    </test> <!-- Default test -->
  </suite> <!-- Default suite -->
</testng-results>
